[0.101s] DEBUG:colcon:Command line arguments: ['/usr/bin/colcon', 'build']
[0.102s] DEBUG:colcon:Parsed command line arguments: Namespace(log_base=None, log_level=None, verb_name='build', build_base='build', install_base='install', merge_install=False, symlink_install=False, test_result_base=None, continue_on_error=False, executor='parallel', parallel_workers=12, event_handlers=None, ignore_user_meta=False, metas=['./colcon.meta'], base_paths=['.'], packages_ignore=None, packages_ignore_regex=None, paths=None, packages_up_to=None, packages_up_to_regex=None, packages_above=None, packages_above_and_dependencies=None, packages_above_depth=None, packages_select_by_dep=None, packages_skip_by_dep=None, packages_skip_up_to=None, packages_select_build_failed=False, packages_skip_build_finished=False, packages_select_test_failures=False, packages_skip_test_passed=False, packages_select=None, packages_skip=None, packages_select_regex=None, packages_skip_regex=None, packages_start=None, packages_end=None, allow_overriding=[], cmake_args=None, cmake_target=None, cmake_target_skip_unavailable=False, cmake_clean_cache=False, cmake_clean_first=False, cmake_force_configure=False, ament_cmake_args=None, catkin_cmake_args=None, catkin_skip_building_tests=False, mixin_files=None, mixin=None, verb_parser=<colcon_mixin.mixin.mixin_argument.MixinArgumentDecorator object at 0x7a2baf9def20>, verb_extension=<colcon_core.verb.build.BuildVerb object at 0x7a2bafb943d0>, main=<bound method BuildVerb.main of <colcon_core.verb.build.BuildVerb object at 0x7a2bafb943d0>>, mixin_verb=('build',))
[0.283s] Level 1:colcon.colcon_core.package_discovery:discover_packages(colcon_meta) check parameters
[0.283s] Level 1:colcon.colcon_core.package_discovery:discover_packages(recursive) check parameters
[0.283s] Level 1:colcon.colcon_core.package_discovery:discover_packages(ignore) check parameters
[0.283s] Level 1:colcon.colcon_core.package_discovery:discover_packages(path) check parameters
[0.283s] Level 1:colcon.colcon_core.package_discovery:discover_packages(colcon_meta) discover
[0.283s] Level 1:colcon.colcon_core.package_discovery:discover_packages(recursive) discover
[0.283s] INFO:colcon.colcon_core.package_discovery:Crawling recursively for packages in '/home/mannaja/coding/project/ABU2024_Manual'
[0.283s] Level 1:colcon.colcon_core.package_identification:_identify(.) by extensions ['ignore', 'ignore_ament_install']
[0.284s] Level 1:colcon.colcon_core.package_identification:_identify(.) by extension 'ignore'
[0.284s] Level 1:colcon.colcon_core.package_identification:_identify(.) by extension 'ignore_ament_install'
[0.284s] Level 1:colcon.colcon_core.package_identification:_identify(.) by extensions ['colcon_pkg']
[0.284s] Level 1:colcon.colcon_core.package_identification:_identify(.) by extension 'colcon_pkg'
[0.284s] Level 1:colcon.colcon_core.package_identification:_identify(.) by extensions ['colcon_meta']
[0.284s] Level 1:colcon.colcon_core.package_identification:_identify(.) by extension 'colcon_meta'
[0.284s] Level 1:colcon.colcon_core.package_identification:_identify(.) by extensions ['ros']
[0.284s] Level 1:colcon.colcon_core.package_identification:_identify(.) by extension 'ros'
[0.294s] Level 1:colcon.colcon_core.package_identification:_identify(.) by extensions ['cmake', 'python']
[0.294s] Level 1:colcon.colcon_core.package_identification:_identify(.) by extension 'cmake'
[0.294s] Level 1:colcon.colcon_core.package_identification:_identify(.) by extension 'python'
[0.294s] Level 1:colcon.colcon_core.package_identification:_identify(.) by extensions ['python_setup_py']
[0.294s] Level 1:colcon.colcon_core.package_identification:_identify(.) by extension 'python_setup_py'
[0.294s] Level 1:colcon.colcon_core.package_identification:_identify(build) by extensions ['ignore', 'ignore_ament_install']
[0.294s] Level 1:colcon.colcon_core.package_identification:_identify(build) by extension 'ignore'
[0.294s] Level 1:colcon.colcon_core.package_identification:_identify(build) ignored
[0.294s] Level 1:colcon.colcon_core.package_identification:_identify(config) by extensions ['ignore', 'ignore_ament_install']
[0.294s] Level 1:colcon.colcon_core.package_identification:_identify(config) by extension 'ignore'
[0.294s] Level 1:colcon.colcon_core.package_identification:_identify(config) by extension 'ignore_ament_install'
[0.294s] Level 1:colcon.colcon_core.package_identification:_identify(config) by extensions ['colcon_pkg']
[0.294s] Level 1:colcon.colcon_core.package_identification:_identify(config) by extension 'colcon_pkg'
[0.294s] Level 1:colcon.colcon_core.package_identification:_identify(config) by extensions ['colcon_meta']
[0.294s] Level 1:colcon.colcon_core.package_identification:_identify(config) by extension 'colcon_meta'
[0.294s] Level 1:colcon.colcon_core.package_identification:_identify(config) by extensions ['ros']
[0.295s] Level 1:colcon.colcon_core.package_identification:_identify(config) by extension 'ros'
[0.295s] Level 1:colcon.colcon_core.package_identification:_identify(config) by extensions ['cmake', 'python']
[0.295s] Level 1:colcon.colcon_core.package_identification:_identify(config) by extension 'cmake'
[0.295s] Level 1:colcon.colcon_core.package_identification:_identify(config) by extension 'python'
[0.295s] Level 1:colcon.colcon_core.package_identification:_identify(config) by extensions ['python_setup_py']
[0.295s] Level 1:colcon.colcon_core.package_identification:_identify(config) by extension 'python_setup_py'
[0.295s] Level 1:colcon.colcon_core.package_identification:_identify(config/custom) by extensions ['ignore', 'ignore_ament_install']
[0.295s] Level 1:colcon.colcon_core.package_identification:_identify(config/custom) by extension 'ignore'
[0.295s] Level 1:colcon.colcon_core.package_identification:_identify(config/custom) by extension 'ignore_ament_install'
[0.295s] Level 1:colcon.colcon_core.package_identification:_identify(config/custom) by extensions ['colcon_pkg']
[0.295s] Level 1:colcon.colcon_core.package_identification:_identify(config/custom) by extension 'colcon_pkg'
[0.295s] Level 1:colcon.colcon_core.package_identification:_identify(config/custom) by extensions ['colcon_meta']
[0.295s] Level 1:colcon.colcon_core.package_identification:_identify(config/custom) by extension 'colcon_meta'
[0.295s] Level 1:colcon.colcon_core.package_identification:_identify(config/custom) by extensions ['ros']
[0.295s] Level 1:colcon.colcon_core.package_identification:_identify(config/custom) by extension 'ros'
[0.295s] Level 1:colcon.colcon_core.package_identification:_identify(config/custom) by extensions ['cmake', 'python']
[0.295s] Level 1:colcon.colcon_core.package_identification:_identify(config/custom) by extension 'cmake'
[0.295s] Level 1:colcon.colcon_core.package_identification:_identify(config/custom) by extension 'python'
[0.295s] Level 1:colcon.colcon_core.package_identification:_identify(config/custom) by extensions ['python_setup_py']
[0.295s] Level 1:colcon.colcon_core.package_identification:_identify(config/custom) by extension 'python_setup_py'
[0.296s] Level 1:colcon.colcon_core.package_identification:_identify(include) by extensions ['ignore', 'ignore_ament_install']
[0.296s] Level 1:colcon.colcon_core.package_identification:_identify(include) by extension 'ignore'
[0.296s] Level 1:colcon.colcon_core.package_identification:_identify(include) by extension 'ignore_ament_install'
[0.296s] Level 1:colcon.colcon_core.package_identification:_identify(include) by extensions ['colcon_pkg']
[0.296s] Level 1:colcon.colcon_core.package_identification:_identify(include) by extension 'colcon_pkg'
[0.296s] Level 1:colcon.colcon_core.package_identification:_identify(include) by extensions ['colcon_meta']
[0.296s] Level 1:colcon.colcon_core.package_identification:_identify(include) by extension 'colcon_meta'
[0.296s] Level 1:colcon.colcon_core.package_identification:_identify(include) by extensions ['ros']
[0.296s] Level 1:colcon.colcon_core.package_identification:_identify(include) by extension 'ros'
[0.296s] Level 1:colcon.colcon_core.package_identification:_identify(include) by extensions ['cmake', 'python']
[0.296s] Level 1:colcon.colcon_core.package_identification:_identify(include) by extension 'cmake'
[0.296s] Level 1:colcon.colcon_core.package_identification:_identify(include) by extension 'python'
[0.296s] Level 1:colcon.colcon_core.package_identification:_identify(include) by extensions ['python_setup_py']
[0.296s] Level 1:colcon.colcon_core.package_identification:_identify(include) by extension 'python_setup_py'
[0.296s] Level 1:colcon.colcon_core.package_identification:_identify(install) by extensions ['ignore', 'ignore_ament_install']
[0.296s] Level 1:colcon.colcon_core.package_identification:_identify(install) by extension 'ignore'
[0.296s] Level 1:colcon.colcon_core.package_identification:_identify(install) ignored
[0.296s] Level 1:colcon.colcon_core.package_identification:_identify(lib) by extensions ['ignore', 'ignore_ament_install']
[0.296s] Level 1:colcon.colcon_core.package_identification:_identify(lib) by extension 'ignore'
[0.296s] Level 1:colcon.colcon_core.package_identification:_identify(lib) by extension 'ignore_ament_install'
[0.297s] Level 1:colcon.colcon_core.package_identification:_identify(lib) by extensions ['colcon_pkg']
[0.297s] Level 1:colcon.colcon_core.package_identification:_identify(lib) by extension 'colcon_pkg'
[0.297s] Level 1:colcon.colcon_core.package_identification:_identify(lib) by extensions ['colcon_meta']
[0.297s] Level 1:colcon.colcon_core.package_identification:_identify(lib) by extension 'colcon_meta'
[0.297s] Level 1:colcon.colcon_core.package_identification:_identify(lib) by extensions ['ros']
[0.297s] Level 1:colcon.colcon_core.package_identification:_identify(lib) by extension 'ros'
[0.297s] Level 1:colcon.colcon_core.package_identification:_identify(lib) by extensions ['cmake', 'python']
[0.297s] Level 1:colcon.colcon_core.package_identification:_identify(lib) by extension 'cmake'
[0.297s] Level 1:colcon.colcon_core.package_identification:_identify(lib) by extension 'python'
[0.297s] Level 1:colcon.colcon_core.package_identification:_identify(lib) by extensions ['python_setup_py']
[0.297s] Level 1:colcon.colcon_core.package_identification:_identify(lib) by extension 'python_setup_py'
[0.297s] Level 1:colcon.colcon_core.package_identification:_identify(lib/Ball) by extensions ['ignore', 'ignore_ament_install']
[0.297s] Level 1:colcon.colcon_core.package_identification:_identify(lib/Ball) by extension 'ignore'
[0.297s] Level 1:colcon.colcon_core.package_identification:_identify(lib/Ball) by extension 'ignore_ament_install'
[0.297s] Level 1:colcon.colcon_core.package_identification:_identify(lib/Ball) by extensions ['colcon_pkg']
[0.297s] Level 1:colcon.colcon_core.package_identification:_identify(lib/Ball) by extension 'colcon_pkg'
[0.297s] Level 1:colcon.colcon_core.package_identification:_identify(lib/Ball) by extensions ['colcon_meta']
[0.297s] Level 1:colcon.colcon_core.package_identification:_identify(lib/Ball) by extension 'colcon_meta'
[0.297s] Level 1:colcon.colcon_core.package_identification:_identify(lib/Ball) by extensions ['ros']
[0.297s] Level 1:colcon.colcon_core.package_identification:_identify(lib/Ball) by extension 'ros'
[0.297s] Level 1:colcon.colcon_core.package_identification:_identify(lib/Ball) by extensions ['cmake', 'python']
[0.297s] Level 1:colcon.colcon_core.package_identification:_identify(lib/Ball) by extension 'cmake'
[0.297s] Level 1:colcon.colcon_core.package_identification:_identify(lib/Ball) by extension 'python'
[0.298s] Level 1:colcon.colcon_core.package_identification:_identify(lib/Ball) by extensions ['python_setup_py']
[0.298s] Level 1:colcon.colcon_core.package_identification:_identify(lib/Ball) by extension 'python_setup_py'
[0.298s] Level 1:colcon.colcon_core.package_identification:_identify(lib/Communicate) by extensions ['ignore', 'ignore_ament_install']
[0.298s] Level 1:colcon.colcon_core.package_identification:_identify(lib/Communicate) by extension 'ignore'
[0.298s] Level 1:colcon.colcon_core.package_identification:_identify(lib/Communicate) by extension 'ignore_ament_install'
[0.298s] Level 1:colcon.colcon_core.package_identification:_identify(lib/Communicate) by extensions ['colcon_pkg']
[0.298s] Level 1:colcon.colcon_core.package_identification:_identify(lib/Communicate) by extension 'colcon_pkg'
[0.298s] Level 1:colcon.colcon_core.package_identification:_identify(lib/Communicate) by extensions ['colcon_meta']
[0.298s] Level 1:colcon.colcon_core.package_identification:_identify(lib/Communicate) by extension 'colcon_meta'
[0.298s] Level 1:colcon.colcon_core.package_identification:_identify(lib/Communicate) by extensions ['ros']
[0.298s] Level 1:colcon.colcon_core.package_identification:_identify(lib/Communicate) by extension 'ros'
[0.298s] Level 1:colcon.colcon_core.package_identification:_identify(lib/Communicate) by extensions ['cmake', 'python']
[0.298s] Level 1:colcon.colcon_core.package_identification:_identify(lib/Communicate) by extension 'cmake'
[0.298s] Level 1:colcon.colcon_core.package_identification:_identify(lib/Communicate) by extension 'python'
[0.298s] Level 1:colcon.colcon_core.package_identification:_identify(lib/Communicate) by extensions ['python_setup_py']
[0.298s] Level 1:colcon.colcon_core.package_identification:_identify(lib/Communicate) by extension 'python_setup_py'
[0.298s] Level 1:colcon.colcon_core.package_identification:_identify(lib/Controller) by extensions ['ignore', 'ignore_ament_install']
[0.298s] Level 1:colcon.colcon_core.package_identification:_identify(lib/Controller) by extension 'ignore'
[0.298s] Level 1:colcon.colcon_core.package_identification:_identify(lib/Controller) by extension 'ignore_ament_install'
[0.299s] Level 1:colcon.colcon_core.package_identification:_identify(lib/Controller) by extensions ['colcon_pkg']
[0.299s] Level 1:colcon.colcon_core.package_identification:_identify(lib/Controller) by extension 'colcon_pkg'
[0.299s] Level 1:colcon.colcon_core.package_identification:_identify(lib/Controller) by extensions ['colcon_meta']
[0.299s] Level 1:colcon.colcon_core.package_identification:_identify(lib/Controller) by extension 'colcon_meta'
[0.299s] Level 1:colcon.colcon_core.package_identification:_identify(lib/Controller) by extensions ['ros']
[0.299s] Level 1:colcon.colcon_core.package_identification:_identify(lib/Controller) by extension 'ros'
[0.299s] Level 1:colcon.colcon_core.package_identification:_identify(lib/Controller) by extensions ['cmake', 'python']
[0.299s] Level 1:colcon.colcon_core.package_identification:_identify(lib/Controller) by extension 'cmake'
[0.299s] Level 1:colcon.colcon_core.package_identification:_identify(lib/Controller) by extension 'python'
[0.299s] Level 1:colcon.colcon_core.package_identification:_identify(lib/Controller) by extensions ['python_setup_py']
[0.299s] Level 1:colcon.colcon_core.package_identification:_identify(lib/Controller) by extension 'python_setup_py'
[0.299s] Level 1:colcon.colcon_core.package_identification:_identify(lib/DefinePin) by extensions ['ignore', 'ignore_ament_install']
[0.299s] Level 1:colcon.colcon_core.package_identification:_identify(lib/DefinePin) by extension 'ignore'
[0.299s] Level 1:colcon.colcon_core.package_identification:_identify(lib/DefinePin) by extension 'ignore_ament_install'
[0.299s] Level 1:colcon.colcon_core.package_identification:_identify(lib/DefinePin) by extensions ['colcon_pkg']
[0.299s] Level 1:colcon.colcon_core.package_identification:_identify(lib/DefinePin) by extension 'colcon_pkg'
[0.299s] Level 1:colcon.colcon_core.package_identification:_identify(lib/DefinePin) by extensions ['colcon_meta']
[0.299s] Level 1:colcon.colcon_core.package_identification:_identify(lib/DefinePin) by extension 'colcon_meta'
[0.299s] Level 1:colcon.colcon_core.package_identification:_identify(lib/DefinePin) by extensions ['ros']
[0.299s] Level 1:colcon.colcon_core.package_identification:_identify(lib/DefinePin) by extension 'ros'
[0.299s] Level 1:colcon.colcon_core.package_identification:_identify(lib/DefinePin) by extensions ['cmake', 'python']
[0.300s] Level 1:colcon.colcon_core.package_identification:_identify(lib/DefinePin) by extension 'cmake'
[0.300s] Level 1:colcon.colcon_core.package_identification:_identify(lib/DefinePin) by extension 'python'
[0.300s] Level 1:colcon.colcon_core.package_identification:_identify(lib/DefinePin) by extensions ['python_setup_py']
[0.300s] Level 1:colcon.colcon_core.package_identification:_identify(lib/DefinePin) by extension 'python_setup_py'
[0.300s] Level 1:colcon.colcon_core.package_identification:_identify(lib/Harvest) by extensions ['ignore', 'ignore_ament_install']
[0.300s] Level 1:colcon.colcon_core.package_identification:_identify(lib/Harvest) by extension 'ignore'
[0.300s] Level 1:colcon.colcon_core.package_identification:_identify(lib/Harvest) by extension 'ignore_ament_install'
[0.300s] Level 1:colcon.colcon_core.package_identification:_identify(lib/Harvest) by extensions ['colcon_pkg']
[0.300s] Level 1:colcon.colcon_core.package_identification:_identify(lib/Harvest) by extension 'colcon_pkg'
[0.300s] Level 1:colcon.colcon_core.package_identification:_identify(lib/Harvest) by extensions ['colcon_meta']
[0.300s] Level 1:colcon.colcon_core.package_identification:_identify(lib/Harvest) by extension 'colcon_meta'
[0.300s] Level 1:colcon.colcon_core.package_identification:_identify(lib/Harvest) by extensions ['ros']
[0.300s] Level 1:colcon.colcon_core.package_identification:_identify(lib/Harvest) by extension 'ros'
[0.300s] Level 1:colcon.colcon_core.package_identification:_identify(lib/Harvest) by extensions ['cmake', 'python']
[0.300s] Level 1:colcon.colcon_core.package_identification:_identify(lib/Harvest) by extension 'cmake'
[0.300s] Level 1:colcon.colcon_core.package_identification:_identify(lib/Harvest) by extension 'python'
[0.300s] Level 1:colcon.colcon_core.package_identification:_identify(lib/Harvest) by extensions ['python_setup_py']
[0.300s] Level 1:colcon.colcon_core.package_identification:_identify(lib/Harvest) by extension 'python_setup_py'
[0.301s] Level 1:colcon.colcon_core.package_identification:_identify(lib/Movement) by extensions ['ignore', 'ignore_ament_install']
[0.301s] Level 1:colcon.colcon_core.package_identification:_identify(lib/Movement) by extension 'ignore'
[0.301s] Level 1:colcon.colcon_core.package_identification:_identify(lib/Movement) by extension 'ignore_ament_install'
[0.301s] Level 1:colcon.colcon_core.package_identification:_identify(lib/Movement) by extensions ['colcon_pkg']
[0.301s] Level 1:colcon.colcon_core.package_identification:_identify(lib/Movement) by extension 'colcon_pkg'
[0.301s] Level 1:colcon.colcon_core.package_identification:_identify(lib/Movement) by extensions ['colcon_meta']
[0.301s] Level 1:colcon.colcon_core.package_identification:_identify(lib/Movement) by extension 'colcon_meta'
[0.301s] Level 1:colcon.colcon_core.package_identification:_identify(lib/Movement) by extensions ['ros']
[0.301s] Level 1:colcon.colcon_core.package_identification:_identify(lib/Movement) by extension 'ros'
[0.301s] Level 1:colcon.colcon_core.package_identification:_identify(lib/Movement) by extensions ['cmake', 'python']
[0.301s] Level 1:colcon.colcon_core.package_identification:_identify(lib/Movement) by extension 'cmake'
[0.301s] Level 1:colcon.colcon_core.package_identification:_identify(lib/Movement) by extension 'python'
[0.301s] Level 1:colcon.colcon_core.package_identification:_identify(lib/Movement) by extensions ['python_setup_py']
[0.301s] Level 1:colcon.colcon_core.package_identification:_identify(lib/Movement) by extension 'python_setup_py'
[0.301s] Level 1:colcon.colcon_core.package_identification:_identify(lib/Robot) by extensions ['ignore', 'ignore_ament_install']
[0.301s] Level 1:colcon.colcon_core.package_identification:_identify(lib/Robot) by extension 'ignore'
[0.301s] Level 1:colcon.colcon_core.package_identification:_identify(lib/Robot) by extension 'ignore_ament_install'
[0.301s] Level 1:colcon.colcon_core.package_identification:_identify(lib/Robot) by extensions ['colcon_pkg']
[0.301s] Level 1:colcon.colcon_core.package_identification:_identify(lib/Robot) by extension 'colcon_pkg'
[0.301s] Level 1:colcon.colcon_core.package_identification:_identify(lib/Robot) by extensions ['colcon_meta']
[0.301s] Level 1:colcon.colcon_core.package_identification:_identify(lib/Robot) by extension 'colcon_meta'
[0.301s] Level 1:colcon.colcon_core.package_identification:_identify(lib/Robot) by extensions ['ros']
[0.302s] Level 1:colcon.colcon_core.package_identification:_identify(lib/Robot) by extension 'ros'
[0.302s] Level 1:colcon.colcon_core.package_identification:_identify(lib/Robot) by extensions ['cmake', 'python']
[0.302s] Level 1:colcon.colcon_core.package_identification:_identify(lib/Robot) by extension 'cmake'
[0.302s] Level 1:colcon.colcon_core.package_identification:_identify(lib/Robot) by extension 'python'
[0.302s] Level 1:colcon.colcon_core.package_identification:_identify(lib/Robot) by extensions ['python_setup_py']
[0.302s] Level 1:colcon.colcon_core.package_identification:_identify(lib/Robot) by extension 'python_setup_py'
[0.302s] Level 1:colcon.colcon_core.package_identification:_identify(lib/RobotAnalysis) by extensions ['ignore', 'ignore_ament_install']
[0.302s] Level 1:colcon.colcon_core.package_identification:_identify(lib/RobotAnalysis) by extension 'ignore'
[0.302s] Level 1:colcon.colcon_core.package_identification:_identify(lib/RobotAnalysis) by extension 'ignore_ament_install'
[0.302s] Level 1:colcon.colcon_core.package_identification:_identify(lib/RobotAnalysis) by extensions ['colcon_pkg']
[0.302s] Level 1:colcon.colcon_core.package_identification:_identify(lib/RobotAnalysis) by extension 'colcon_pkg'
[0.302s] Level 1:colcon.colcon_core.package_identification:_identify(lib/RobotAnalysis) by extensions ['colcon_meta']
[0.302s] Level 1:colcon.colcon_core.package_identification:_identify(lib/RobotAnalysis) by extension 'colcon_meta'
[0.302s] Level 1:colcon.colcon_core.package_identification:_identify(lib/RobotAnalysis) by extensions ['ros']
[0.302s] Level 1:colcon.colcon_core.package_identification:_identify(lib/RobotAnalysis) by extension 'ros'
[0.302s] Level 1:colcon.colcon_core.package_identification:_identify(lib/RobotAnalysis) by extensions ['cmake', 'python']
[0.302s] Level 1:colcon.colcon_core.package_identification:_identify(lib/RobotAnalysis) by extension 'cmake'
[0.302s] Level 1:colcon.colcon_core.package_identification:_identify(lib/RobotAnalysis) by extension 'python'
[0.302s] Level 1:colcon.colcon_core.package_identification:_identify(lib/RobotAnalysis) by extensions ['python_setup_py']
[0.302s] Level 1:colcon.colcon_core.package_identification:_identify(lib/RobotAnalysis) by extension 'python_setup_py'
[0.302s] Level 1:colcon.colcon_core.package_identification:_identify(lib/Utilize) by extensions ['ignore', 'ignore_ament_install']
[0.303s] Level 1:colcon.colcon_core.package_identification:_identify(lib/Utilize) by extension 'ignore'
[0.303s] Level 1:colcon.colcon_core.package_identification:_identify(lib/Utilize) by extension 'ignore_ament_install'
[0.303s] Level 1:colcon.colcon_core.package_identification:_identify(lib/Utilize) by extensions ['colcon_pkg']
[0.303s] Level 1:colcon.colcon_core.package_identification:_identify(lib/Utilize) by extension 'colcon_pkg'
[0.303s] Level 1:colcon.colcon_core.package_identification:_identify(lib/Utilize) by extensions ['colcon_meta']
[0.303s] Level 1:colcon.colcon_core.package_identification:_identify(lib/Utilize) by extension 'colcon_meta'
[0.303s] Level 1:colcon.colcon_core.package_identification:_identify(lib/Utilize) by extensions ['ros']
[0.303s] Level 1:colcon.colcon_core.package_identification:_identify(lib/Utilize) by extension 'ros'
[0.303s] Level 1:colcon.colcon_core.package_identification:_identify(lib/Utilize) by extensions ['cmake', 'python']
[0.303s] Level 1:colcon.colcon_core.package_identification:_identify(lib/Utilize) by extension 'cmake'
[0.303s] Level 1:colcon.colcon_core.package_identification:_identify(lib/Utilize) by extension 'python'
[0.303s] Level 1:colcon.colcon_core.package_identification:_identify(lib/Utilize) by extensions ['python_setup_py']
[0.303s] Level 1:colcon.colcon_core.package_identification:_identify(lib/Utilize) by extension 'python_setup_py'
[0.303s] Level 1:colcon.colcon_core.package_identification:_identify(lib/motor) by extensions ['ignore', 'ignore_ament_install']
[0.303s] Level 1:colcon.colcon_core.package_identification:_identify(lib/motor) by extension 'ignore'
[0.303s] Level 1:colcon.colcon_core.package_identification:_identify(lib/motor) by extension 'ignore_ament_install'
[0.303s] Level 1:colcon.colcon_core.package_identification:_identify(lib/motor) by extensions ['colcon_pkg']
[0.303s] Level 1:colcon.colcon_core.package_identification:_identify(lib/motor) by extension 'colcon_pkg'
[0.303s] Level 1:colcon.colcon_core.package_identification:_identify(lib/motor) by extensions ['colcon_meta']
[0.303s] Level 1:colcon.colcon_core.package_identification:_identify(lib/motor) by extension 'colcon_meta'
[0.304s] Level 1:colcon.colcon_core.package_identification:_identify(lib/motor) by extensions ['ros']
[0.304s] Level 1:colcon.colcon_core.package_identification:_identify(lib/motor) by extension 'ros'
[0.304s] Level 1:colcon.colcon_core.package_identification:_identify(lib/motor) by extensions ['cmake', 'python']
[0.304s] Level 1:colcon.colcon_core.package_identification:_identify(lib/motor) by extension 'cmake'
[0.304s] Level 1:colcon.colcon_core.package_identification:_identify(lib/motor) by extension 'python'
[0.304s] Level 1:colcon.colcon_core.package_identification:_identify(lib/motor) by extensions ['python_setup_py']
[0.304s] Level 1:colcon.colcon_core.package_identification:_identify(lib/motor) by extension 'python_setup_py'
[0.304s] Level 1:colcon.colcon_core.package_identification:_identify(lib/motor_esp) by extensions ['ignore', 'ignore_ament_install']
[0.304s] Level 1:colcon.colcon_core.package_identification:_identify(lib/motor_esp) by extension 'ignore'
[0.304s] Level 1:colcon.colcon_core.package_identification:_identify(lib/motor_esp) by extension 'ignore_ament_install'
[0.304s] Level 1:colcon.colcon_core.package_identification:_identify(lib/motor_esp) by extensions ['colcon_pkg']
[0.304s] Level 1:colcon.colcon_core.package_identification:_identify(lib/motor_esp) by extension 'colcon_pkg'
[0.304s] Level 1:colcon.colcon_core.package_identification:_identify(lib/motor_esp) by extensions ['colcon_meta']
[0.304s] Level 1:colcon.colcon_core.package_identification:_identify(lib/motor_esp) by extension 'colcon_meta'
[0.304s] Level 1:colcon.colcon_core.package_identification:_identify(lib/motor_esp) by extensions ['ros']
[0.304s] Level 1:colcon.colcon_core.package_identification:_identify(lib/motor_esp) by extension 'ros'
[0.304s] Level 1:colcon.colcon_core.package_identification:_identify(lib/motor_esp) by extensions ['cmake', 'python']
[0.304s] Level 1:colcon.colcon_core.package_identification:_identify(lib/motor_esp) by extension 'cmake'
[0.304s] Level 1:colcon.colcon_core.package_identification:_identify(lib/motor_esp) by extension 'python'
[0.304s] Level 1:colcon.colcon_core.package_identification:_identify(lib/motor_esp) by extensions ['python_setup_py']
[0.304s] Level 1:colcon.colcon_core.package_identification:_identify(lib/motor_esp) by extension 'python_setup_py'
[0.304s] Level 1:colcon.colcon_core.package_identification:_identify(log) by extensions ['ignore', 'ignore_ament_install']
[0.305s] Level 1:colcon.colcon_core.package_identification:_identify(log) by extension 'ignore'
[0.305s] Level 1:colcon.colcon_core.package_identification:_identify(log) ignored
[0.305s] Level 1:colcon.colcon_core.package_identification:_identify(src) by extensions ['ignore', 'ignore_ament_install']
[0.305s] Level 1:colcon.colcon_core.package_identification:_identify(src) by extension 'ignore'
[0.305s] Level 1:colcon.colcon_core.package_identification:_identify(src) by extension 'ignore_ament_install'
[0.305s] Level 1:colcon.colcon_core.package_identification:_identify(src) by extensions ['colcon_pkg']
[0.305s] Level 1:colcon.colcon_core.package_identification:_identify(src) by extension 'colcon_pkg'
[0.305s] Level 1:colcon.colcon_core.package_identification:_identify(src) by extensions ['colcon_meta']
[0.305s] Level 1:colcon.colcon_core.package_identification:_identify(src) by extension 'colcon_meta'
[0.305s] Level 1:colcon.colcon_core.package_identification:_identify(src) by extensions ['ros']
[0.305s] Level 1:colcon.colcon_core.package_identification:_identify(src) by extension 'ros'
[0.305s] Level 1:colcon.colcon_core.package_identification:_identify(src) by extensions ['cmake', 'python']
[0.305s] Level 1:colcon.colcon_core.package_identification:_identify(src) by extension 'cmake'
[0.305s] Level 1:colcon.colcon_core.package_identification:_identify(src) by extension 'python'
[0.305s] Level 1:colcon.colcon_core.package_identification:_identify(src) by extensions ['python_setup_py']
[0.305s] Level 1:colcon.colcon_core.package_identification:_identify(src) by extension 'python_setup_py'
[0.305s] Level 1:colcon.colcon_core.package_identification:_identify(test) by extensions ['ignore', 'ignore_ament_install']
[0.305s] Level 1:colcon.colcon_core.package_identification:_identify(test) by extension 'ignore'
[0.305s] Level 1:colcon.colcon_core.package_identification:_identify(test) by extension 'ignore_ament_install'
[0.306s] Level 1:colcon.colcon_core.package_identification:_identify(test) by extensions ['colcon_pkg']
[0.306s] Level 1:colcon.colcon_core.package_identification:_identify(test) by extension 'colcon_pkg'
[0.306s] Level 1:colcon.colcon_core.package_identification:_identify(test) by extensions ['colcon_meta']
[0.306s] Level 1:colcon.colcon_core.package_identification:_identify(test) by extension 'colcon_meta'
[0.306s] Level 1:colcon.colcon_core.package_identification:_identify(test) by extensions ['ros']
[0.306s] Level 1:colcon.colcon_core.package_identification:_identify(test) by extension 'ros'
[0.306s] Level 1:colcon.colcon_core.package_identification:_identify(test) by extensions ['cmake', 'python']
[0.306s] Level 1:colcon.colcon_core.package_identification:_identify(test) by extension 'cmake'
[0.306s] Level 1:colcon.colcon_core.package_identification:_identify(test) by extension 'python'
[0.306s] Level 1:colcon.colcon_core.package_identification:_identify(test) by extensions ['python_setup_py']
[0.306s] Level 1:colcon.colcon_core.package_identification:_identify(test) by extension 'python_setup_py'
[0.306s] Level 1:colcon.colcon_core.package_discovery:discover_packages(recursive) using defaults
[0.306s] Level 1:colcon.colcon_core.package_discovery:discover_packages(ignore) discover
[0.306s] Level 1:colcon.colcon_core.package_discovery:discover_packages(ignore) using defaults
[0.306s] Level 1:colcon.colcon_core.package_discovery:discover_packages(path) discover
[0.306s] Level 1:colcon.colcon_core.package_discovery:discover_packages(path) using defaults
[0.334s] Level 1:colcon.colcon_core.package_discovery:discover_packages(prefix_path) check parameters
[0.334s] Level 1:colcon.colcon_core.package_discovery:discover_packages(prefix_path) discover
[0.336s] DEBUG:colcon.colcon_installed_package_information.package_discovery:Found 3 installed packages in /home/mannaja/microros_ws/install
[0.338s] DEBUG:colcon.colcon_installed_package_information.package_discovery:Found 319 installed packages in /opt/ros/humble
[0.340s] Level 1:colcon.colcon_core.package_discovery:discover_packages(prefix_path) using defaults
[0.391s] INFO:colcon.colcon_core.executor:Executing jobs using 'parallel' executor
[0.392s] DEBUG:colcon.colcon_parallel_executor.executor.parallel:run_until_complete
[0.392s] DEBUG:colcon.colcon_parallel_executor.executor.parallel:closing loop
[0.392s] DEBUG:colcon.colcon_parallel_executor.executor.parallel:loop closed
[0.393s] DEBUG:colcon.colcon_parallel_executor.executor.parallel:run_until_complete finished with '0'
[0.393s] DEBUG:colcon.colcon_core.event_reactor:joining thread
[0.397s] INFO:colcon.colcon_core.plugin_system:Skipping extension 'colcon_notification.desktop_notification.terminal_notifier': Not used on non-Darwin systems
[0.397s] INFO:colcon.colcon_core.plugin_system:Skipping extension 'colcon_notification.desktop_notification.win32': Not used on non-Windows systems
[0.397s] INFO:colcon.colcon_notification.desktop_notification:Sending desktop notification using 'notify2'
[0.408s] DEBUG:colcon.colcon_core.event_reactor:joined thread
[0.410s] INFO:colcon.colcon_core.plugin_system:Skipping extension 'colcon_core.shell.bat': Not used on non-Windows systems
[0.410s] INFO:colcon.colcon_core.shell:Creating prefix script '/home/mannaja/coding/project/ABU2024_Manual/install/local_setup.ps1'
[0.411s] INFO:colcon.colcon_core.shell:Creating prefix util module '/home/mannaja/coding/project/ABU2024_Manual/install/_local_setup_util_ps1.py'
[0.412s] INFO:colcon.colcon_core.shell:Creating prefix chain script '/home/mannaja/coding/project/ABU2024_Manual/install/setup.ps1'
[0.413s] INFO:colcon.colcon_core.shell:Creating prefix script '/home/mannaja/coding/project/ABU2024_Manual/install/local_setup.sh'
[0.413s] INFO:colcon.colcon_core.shell:Creating prefix util module '/home/mannaja/coding/project/ABU2024_Manual/install/_local_setup_util_sh.py'
[0.414s] INFO:colcon.colcon_core.shell:Creating prefix chain script '/home/mannaja/coding/project/ABU2024_Manual/install/setup.sh'
[0.415s] INFO:colcon.colcon_core.shell:Creating prefix script '/home/mannaja/coding/project/ABU2024_Manual/install/local_setup.bash'
[0.415s] INFO:colcon.colcon_core.shell:Creating prefix chain script '/home/mannaja/coding/project/ABU2024_Manual/install/setup.bash'
[0.416s] INFO:colcon.colcon_core.shell:Creating prefix script '/home/mannaja/coding/project/ABU2024_Manual/install/local_setup.zsh'
[0.416s] INFO:colcon.colcon_core.shell:Creating prefix chain script '/home/mannaja/coding/project/ABU2024_Manual/install/setup.zsh'
