[0.558s] Invoking command in '/home/mannaja/coding/project/ABU2024_Manual/robot_ws/src/robot_core': PYTHONPATH=/home/mannaja/coding/project/ABU2024_Manual/robot_ws/build/robot_core/prefix_override:/home/mannaja/coding/project/ABU2024_Manual/robot_ws/install/robot_core/lib/python3.10/site-packages:${PYTHONPATH} /usr/bin/python3 -W ignore:setup.py install is deprecated setup.py egg_info --egg-base ../../build/robot_core build --build-base /home/mannaja/coding/project/ABU2024_Manual/robot_ws/build/robot_core/build install --record /home/mannaja/coding/project/ABU2024_Manual/robot_ws/build/robot_core/install.log --single-version-externally-managed install_data
[0.773s] running egg_info
[0.773s] writing ../../build/robot_core/robot_core.egg-info/PKG-INFO
[0.774s] writing dependency_links to ../../build/robot_core/robot_core.egg-info/dependency_links.txt
[0.774s] writing entry points to ../../build/robot_core/robot_core.egg-info/entry_points.txt
[0.774s] writing requirements to ../../build/robot_core/robot_core.egg-info/requires.txt
[0.774s] writing top-level names to ../../build/robot_core/robot_core.egg-info/top_level.txt
[0.775s] reading manifest file '../../build/robot_core/robot_core.egg-info/SOURCES.txt'
[0.776s] adding license file 'LICENSE'
[0.776s] writing manifest file '../../build/robot_core/robot_core.egg-info/SOURCES.txt'
[0.776s] running build
[0.776s] running build_py
[0.777s] running install
[0.777s] running install_lib
[0.778s] running install_data
[0.778s] running install_egg_info
[0.779s] removing '/home/mannaja/coding/project/ABU2024_Manual/robot_ws/install/robot_core/lib/python3.10/site-packages/robot_core-0.0.0-py3.10.egg-info' (and everything under it)
[0.779s] Copying ../../build/robot_core/robot_core.egg-info to /home/mannaja/coding/project/ABU2024_Manual/robot_ws/install/robot_core/lib/python3.10/site-packages/robot_core-0.0.0-py3.10.egg-info
[0.780s] running install_scripts
[0.798s] Installing runRobot script to /home/mannaja/coding/project/ABU2024_Manual/robot_ws/install/robot_core/lib/robot_core
[0.798s] writing list of installed files to '/home/mannaja/coding/project/ABU2024_Manual/robot_ws/build/robot_core/install.log'
[0.817s] Invoked command in '/home/mannaja/coding/project/ABU2024_Manual/robot_ws/src/robot_core' returned '0': PYTHONPATH=/home/mannaja/coding/project/ABU2024_Manual/robot_ws/build/robot_core/prefix_override:/home/mannaja/coding/project/ABU2024_Manual/robot_ws/install/robot_core/lib/python3.10/site-packages:${PYTHONPATH} /usr/bin/python3 -W ignore:setup.py install is deprecated setup.py egg_info --egg-base ../../build/robot_core build --build-base /home/mannaja/coding/project/ABU2024_Manual/robot_ws/build/robot_core/build install --record /home/mannaja/coding/project/ABU2024_Manual/robot_ws/build/robot_core/install.log --single-version-externally-managed install_data
