[0.557s] Invoking command in '/home/mannaja/coding/project/ABU2024_Manual/robot_ws/src/robot_core': PYTHONPATH=/home/mannaja/coding/project/ABU2024_Manual/robot_ws/build/robot_core/prefix_override:/home/mannaja/coding/project/ABU2024_Manual/robot_ws/install/robot_core/lib/python3.10/site-packages:${PYTHONPATH} /usr/bin/python3 -W ignore:setup.py install is deprecated setup.py egg_info --egg-base ../../build/robot_core build --build-base /home/mannaja/coding/project/ABU2024_Manual/robot_ws/build/robot_core/build install --record /home/mannaja/coding/project/ABU2024_Manual/robot_ws/build/robot_core/install.log --single-version-externally-managed install_data
[0.776s] running egg_info
[0.777s] writing ../../build/robot_core/robot_core.egg-info/PKG-INFO
[0.777s] writing dependency_links to ../../build/robot_core/robot_core.egg-info/dependency_links.txt
[0.777s] writing entry points to ../../build/robot_core/robot_core.egg-info/entry_points.txt
[0.777s] writing requirements to ../../build/robot_core/robot_core.egg-info/requires.txt
[0.777s] writing top-level names to ../../build/robot_core/robot_core.egg-info/top_level.txt
[0.778s] reading manifest file '../../build/robot_core/robot_core.egg-info/SOURCES.txt'
[0.779s] adding license file 'LICENSE'
[0.779s] writing manifest file '../../build/robot_core/robot_core.egg-info/SOURCES.txt'
[0.779s] running build
[0.779s] running build_py
[0.780s] copying robot_core/main_run.py -> /home/mannaja/coding/project/ABU2024_Manual/robot_ws/build/robot_core/build/lib/robot_core
[0.780s] running install
[0.780s] running install_lib
[0.781s] copying /home/mannaja/coding/project/ABU2024_Manual/robot_ws/build/robot_core/build/lib/robot_core/main_run.py -> /home/mannaja/coding/project/ABU2024_Manual/robot_ws/install/robot_core/lib/python3.10/site-packages/robot_core
[0.781s] byte-compiling /home/mannaja/coding/project/ABU2024_Manual/robot_ws/install/robot_core/lib/python3.10/site-packages/robot_core/main_run.py to main_run.cpython-310.pyc
[0.782s] running install_data
[0.782s] running install_egg_info
[0.783s] removing '/home/mannaja/coding/project/ABU2024_Manual/robot_ws/install/robot_core/lib/python3.10/site-packages/robot_core-0.0.0-py3.10.egg-info' (and everything under it)
[0.783s] Copying ../../build/robot_core/robot_core.egg-info to /home/mannaja/coding/project/ABU2024_Manual/robot_ws/install/robot_core/lib/python3.10/site-packages/robot_core-0.0.0-py3.10.egg-info
[0.784s] running install_scripts
[0.802s] Installing runRobot script to /home/mannaja/coding/project/ABU2024_Manual/robot_ws/install/robot_core/lib/robot_core
[0.802s] writing list of installed files to '/home/mannaja/coding/project/ABU2024_Manual/robot_ws/build/robot_core/install.log'
[0.820s] Invoked command in '/home/mannaja/coding/project/ABU2024_Manual/robot_ws/src/robot_core' returned '0': PYTHONPATH=/home/mannaja/coding/project/ABU2024_Manual/robot_ws/build/robot_core/prefix_override:/home/mannaja/coding/project/ABU2024_Manual/robot_ws/install/robot_core/lib/python3.10/site-packages:${PYTHONPATH} /usr/bin/python3 -W ignore:setup.py install is deprecated setup.py egg_info --egg-base ../../build/robot_core build --build-base /home/mannaja/coding/project/ABU2024_Manual/robot_ws/build/robot_core/build install --record /home/mannaja/coding/project/ABU2024_Manual/robot_ws/build/robot_core/install.log --single-version-externally-managed install_data
