[0.614s] Invoking command in '/home/mannaja/coding/project/ABU2024_Manual/robot_ws/src/robot_core': PYTHONPATH=/home/mannaja/coding/project/ABU2024_Manual/robot_ws/build/robot_core/prefix_override:/home/mannaja/coding/project/ABU2024_Manual/robot_ws/install/robot_core/lib/python3.10/site-packages:${PYTHONPATH} /usr/bin/python3 -W ignore:setup.py install is deprecated setup.py egg_info --egg-base ../../build/robot_core build --build-base /home/mannaja/coding/project/ABU2024_Manual/robot_ws/build/robot_core/build install --record /home/mannaja/coding/project/ABU2024_Manual/robot_ws/build/robot_core/install.log --single-version-externally-managed install_data
[0.836s] running egg_info
[0.837s] creating ../../build/robot_core/robot_core.egg-info
[0.837s] writing ../../build/robot_core/robot_core.egg-info/PKG-INFO
[0.837s] writing dependency_links to ../../build/robot_core/robot_core.egg-info/dependency_links.txt
[0.838s] writing entry points to ../../build/robot_core/robot_core.egg-info/entry_points.txt
[0.838s] writing requirements to ../../build/robot_core/robot_core.egg-info/requires.txt
[0.838s] writing top-level names to ../../build/robot_core/robot_core.egg-info/top_level.txt
[0.838s] writing manifest file '../../build/robot_core/robot_core.egg-info/SOURCES.txt'
[0.839s] reading manifest file '../../build/robot_core/robot_core.egg-info/SOURCES.txt'
[0.840s] adding license file 'LICENSE'
[0.840s] writing manifest file '../../build/robot_core/robot_core.egg-info/SOURCES.txt'
[0.840s] running build
[0.840s] running build_py
[0.841s] creating /home/mannaja/coding/project/ABU2024_Manual/robot_ws/build/robot_core/build
[0.841s] creating /home/mannaja/coding/project/ABU2024_Manual/robot_ws/build/robot_core/build/lib
[0.841s] creating /home/mannaja/coding/project/ABU2024_Manual/robot_ws/build/robot_core/build/lib/robot_core
[0.841s] copying robot_core/publisher_member_function.py -> /home/mannaja/coding/project/ABU2024_Manual/robot_ws/build/robot_core/build/lib/robot_core
[0.841s] copying robot_core/__init__.py -> /home/mannaja/coding/project/ABU2024_Manual/robot_ws/build/robot_core/build/lib/robot_core
[0.841s] running install
[0.841s] running install_lib
[0.842s] creating /home/mannaja/coding/project/ABU2024_Manual/robot_ws/install/robot_core/lib/python3.10/site-packages/robot_core
[0.842s] copying /home/mannaja/coding/project/ABU2024_Manual/robot_ws/build/robot_core/build/lib/robot_core/publisher_member_function.py -> /home/mannaja/coding/project/ABU2024_Manual/robot_ws/install/robot_core/lib/python3.10/site-packages/robot_core
[0.842s] copying /home/mannaja/coding/project/ABU2024_Manual/robot_ws/build/robot_core/build/lib/robot_core/__init__.py -> /home/mannaja/coding/project/ABU2024_Manual/robot_ws/install/robot_core/lib/python3.10/site-packages/robot_core
[0.842s] byte-compiling /home/mannaja/coding/project/ABU2024_Manual/robot_ws/install/robot_core/lib/python3.10/site-packages/robot_core/publisher_member_function.py to publisher_member_function.cpython-310.pyc
[0.843s] byte-compiling /home/mannaja/coding/project/ABU2024_Manual/robot_ws/install/robot_core/lib/python3.10/site-packages/robot_core/__init__.py to __init__.cpython-310.pyc
[0.843s] running install_data
[0.843s] creating /home/mannaja/coding/project/ABU2024_Manual/robot_ws/install/robot_core/share/ament_index
[0.844s] creating /home/mannaja/coding/project/ABU2024_Manual/robot_ws/install/robot_core/share/ament_index/resource_index
[0.844s] creating /home/mannaja/coding/project/ABU2024_Manual/robot_ws/install/robot_core/share/ament_index/resource_index/packages
[0.844s] copying resource/robot_core -> /home/mannaja/coding/project/ABU2024_Manual/robot_ws/install/robot_core/share/ament_index/resource_index/packages
[0.844s] copying package.xml -> /home/mannaja/coding/project/ABU2024_Manual/robot_ws/install/robot_core/share/robot_core
[0.844s] running install_egg_info
[0.845s] Copying ../../build/robot_core/robot_core.egg-info to /home/mannaja/coding/project/ABU2024_Manual/robot_ws/install/robot_core/lib/python3.10/site-packages/robot_core-0.0.0-py3.10.egg-info
[0.846s] running install_scripts
[0.864s] writing list of installed files to '/home/mannaja/coding/project/ABU2024_Manual/robot_ws/build/robot_core/install.log'
[0.883s] Invoked command in '/home/mannaja/coding/project/ABU2024_Manual/robot_ws/src/robot_core' returned '0': PYTHONPATH=/home/mannaja/coding/project/ABU2024_Manual/robot_ws/build/robot_core/prefix_override:/home/mannaja/coding/project/ABU2024_Manual/robot_ws/install/robot_core/lib/python3.10/site-packages:${PYTHONPATH} /usr/bin/python3 -W ignore:setup.py install is deprecated setup.py egg_info --egg-base ../../build/robot_core build --build-base /home/mannaja/coding/project/ABU2024_Manual/robot_ws/build/robot_core/build install --record /home/mannaja/coding/project/ABU2024_Manual/robot_ws/build/robot_core/install.log --single-version-externally-managed install_data
